e:\university\graphics ii\graphics2coursework\directxframework\graphics2\x64\debug\vc142.pdb
e:\university\graphics ii\graphics2coursework\directxframework\graphics2\x64\debug\vc142.idb
e:\university\graphics ii\graphics2coursework\directxframework\graphics2\x64\debug\wictextureloader.obj
e:\university\graphics ii\graphics2coursework\directxframework\graphics2\x64\debug\scenegraph.obj
e:\university\graphics ii\graphics2coursework\directxframework\graphics2\x64\debug\graphics2.obj
e:\university\graphics ii\graphics2coursework\directxframework\graphics2\x64\debug\directxframework.obj
e:\university\graphics ii\graphics2coursework\directxframework\graphics2\x64\debug\framework.obj
e:\university\graphics ii\graphics2coursework\directxframework\graphics2\x64\debug\cube.obj
e:\university\graphics ii\graphics2coursework\directxframework\graphics2\x64\debug\resourcemanager.obj
e:\university\graphics ii\graphics2coursework\directxframework\graphics2\x64\debug\meshrenderer.obj
e:\university\graphics ii\graphics2coursework\directxframework\graphics2\x64\debug\meshnode.obj
e:\university\graphics ii\graphics2coursework\directxframework\graphics2\x64\debug\mesh.obj
e:\university\graphics ii\graphics2coursework\directxframework\graphics2\x64\debug\terrainnode.obj
e:\university\graphics ii\graphics2coursework\directxframework\graphics2\x64\debug\camera.obj
e:\university\graphics ii\graphics2coursework\directxframework\graphics2\x64\debug\gamepadcontroller.obj
e:\university\graphics ii\graphics2coursework\directxframework\graphics2\x64\debug\ddstextureloader.obj
e:\university\graphics ii\graphics2coursework\directxframework\graphics2\x64\debug\skynode.obj
e:\university\graphics ii\graphics2coursework\directxframework\x64\debug\graphics2.exe
e:\university\graphics ii\graphics2coursework\directxframework\x64\debug\graphics2.ilk
e:\university\graphics ii\graphics2coursework\directxframework\x64\debug\graphics2.pdb
e:\university\graphics ii\graphics2coursework\directxframework\graphics2\x64\debug\graphics2.res
e:\university\graphics ii\graphics2coursework\directxframework\graphics2\x64\debug\graphics2.tlog\cl.command.1.tlog
e:\university\graphics ii\graphics2coursework\directxframework\graphics2\x64\debug\graphics2.tlog\cl.read.1.tlog
e:\university\graphics ii\graphics2coursework\directxframework\graphics2\x64\debug\graphics2.tlog\cl.write.1.tlog
e:\university\graphics ii\graphics2coursework\directxframework\graphics2\x64\debug\graphics2.tlog\fxc.command.1.tlog
e:\university\graphics ii\graphics2coursework\directxframework\graphics2\x64\debug\graphics2.tlog\fxc.read.1.tlog
e:\university\graphics ii\graphics2coursework\directxframework\graphics2\x64\debug\graphics2.tlog\link.command.1.tlog
e:\university\graphics ii\graphics2coursework\directxframework\graphics2\x64\debug\graphics2.tlog\link.read.1.tlog
e:\university\graphics ii\graphics2coursework\directxframework\graphics2\x64\debug\graphics2.tlog\link.write.1.tlog
e:\university\graphics ii\graphics2coursework\directxframework\graphics2\x64\debug\graphics2.tlog\rc.command.1.tlog
e:\university\graphics ii\graphics2coursework\directxframework\graphics2\x64\debug\graphics2.tlog\rc.read.1.tlog
e:\university\graphics ii\graphics2coursework\directxframework\graphics2\x64\debug\graphics2.tlog\rc.write.1.tlog
